<?xml version="1.0" encoding="UTF-8"?>
<!-- Generated by org.testng.reporters.JUnitReportReporter -->
<testsuite hostname="Active30" failures="0" tests="1" name="api.test.Testing" time="0.185" errors="0" timestamp="2023-11-16T17:52:35 IST" skipped="0">
  <testcase classname="api.test.Testing" name="test" time="0.185"/>
</testsuite> <!-- api.test.Testing -->
