<?xml version="1.0" encoding="UTF-8"?>
<!-- Generated by org.testng.reporters.JUnitReportReporter -->
<testsuite hostname="Active30" failures="0" tests="22" name="api.test.AdvertiserTest" time="39.688" errors="0" timestamp="2023-12-19T12:11:22 IST" skipped="0">
  <testcase classname="api.test.AdvertiserTest" name="insertAdvertiser" time="7.684"/>
  <testcase classname="api.test.AdvertiserTest" name="listadvertisers" time="2.523"/>
  <testcase classname="api.test.AdvertiserTest" name="getSingleAdvertiser" time="1.278"/>
  <testcase classname="api.test.AdvertiserTest" name="updateAdvertiser" time="2.572"/>
  <testcase classname="api.test.AdvertiserTest" name="getAdvertiserSettings" time="0.452"/>
  <testcase classname="api.test.AdvertiserTest" name="insertAdvertiserGroup" time="1.759"/>
  <testcase classname="api.test.AdvertiserTest" name="listAdvertiserGroups" time="0.932"/>
  <testcase classname="api.test.AdvertiserTest" name="getSingleAdvertiserGroup" time="0.798"/>
  <testcase classname="api.test.AdvertiserTest" name="updateAdvertiserGroup" time="2.076"/>
  <testcase classname="api.test.AdvertiserTest" name="updateAdvertiserGroupStatus" time="2.401"/>
  <testcase classname="api.test.AdvertiserTest" name="insertAdvertiserUser" time="1.744"/>
  <testcase classname="api.test.AdvertiserTest" name="listAdvertiserUser" time="1.800"/>
  <testcase classname="api.test.AdvertiserTest" name="getAdvertiserUser" time="0.776"/>
  <testcase classname="api.test.AdvertiserTest" name="updateAdvertiserUser" time="1.562"/>
  <testcase classname="api.test.AdvertiserTest" name="inviteResend" time="2.577"/>
  <testcase classname="api.test.AdvertiserTest" name="updateAdvertiserUserStatus" time="1.121"/>
  <testcase classname="api.test.AdvertiserTest" name="deleteAdvertiserUser" time="2.425"/>
  <testcase classname="api.test.AdvertiserTest" name="insertAdvertiserLead" time="1.451"/>
  <testcase classname="api.test.AdvertiserTest" name="listAdvertiserLead" time="0.782"/>
  <testcase classname="api.test.AdvertiserTest" name="getAdvertiserLead" time="0.764"/>
  <testcase classname="api.test.AdvertiserTest" name="updateAdvertiserLead" time="1.107"/>
  <testcase classname="api.test.AdvertiserTest" name="deleteAdvertiserLead" time="1.104"/>
</testsuite> <!-- api.test.AdvertiserTest -->
