<?xml version="1.0" encoding="UTF-8"?>
<!-- Generated by org.testng.reporters.JUnitReportReporter -->
<testsuite hostname="Active30" failures="0" tests="1" name="api.test.SignIn" time="2.515" errors="0" timestamp="2023-12-19T14:02:53 IST" skipped="0">
  <testcase classname="api.test.SignIn" name="signin" time="2.515"/>
</testsuite> <!-- api.test.SignIn -->
