<?xml version="1.0" encoding="UTF-8"?>
<!-- Generated by org.testng.reporters.JUnitReportReporter -->
<testsuite hostname="Active30" failures="0" tests="2" name="api.test.CreativeTest" time="4.302" errors="0" timestamp="2023-12-19T14:24:46 IST" skipped="0">
  <testcase classname="api.test.CreativeTest" name="insertCreativeGroup" time="2.864"/>
  <testcase classname="api.test.CreativeTest" name="listCreativeGroup" time="1.438"/>
</testsuite> <!-- api.test.CreativeTest -->
