<?xml version="1.0" encoding="UTF-8"?>
<!-- Generated by org.testng.reporters.JUnitReportReporter -->
<testsuite hostname="Active30" failures="0" tests="6" name="api.test.SuppressionTest" time="3.736" errors="0" timestamp="2024-01-19T15:03:30 IST" skipped="0">
  <testcase classname="api.test.SuppressionTest" name="getSuppressionList" time="0.944"/>
  <testcase classname="api.test.SuppressionTest" name="getSingleSuppression" time="0.486"/>
  <testcase classname="api.test.SuppressionTest" name="downloadSuppression" time="0.486"/>
  <testcase classname="api.test.SuppressionTest" name="SuppressionStatus" time="0.852"/>
  <testcase classname="api.test.SuppressionTest" name="getUnsubscribeCount" time="0.491"/>
  <testcase classname="api.test.SuppressionTest" name="suppressionRefresh" time="0.477"/>
</testsuite> <!-- api.test.SuppressionTest -->
