<?xml version="1.0" encoding="UTF-8"?>
<!-- Generated by org.testng.reporters.JUnitReportReporter -->
<testsuite hostname="Active30" failures="0" tests="1" name="api.test.SignIn" time="3.096" errors="0" timestamp="2024-01-19T15:03:31 IST" skipped="0">
  <testcase classname="api.test.SignIn" name="signin" time="3.096"/>
</testsuite> <!-- api.test.SignIn -->
