<?xml version="1.0" encoding="UTF-8"?>
<!-- Generated by org.testng.reporters.JUnitReportReporter -->
<testsuite hostname="Active30" failures="0" tests="6" name="api.test.CreativeTest" time="2.833" errors="0" timestamp="2024-01-19T15:03:31 IST" skipped="0">
  <testcase classname="api.test.CreativeTest" name="getCreativeGroupList" time="0.455"/>
  <testcase classname="api.test.CreativeTest" name="getSingleCreativeGroup" time="0.479"/>
  <testcase classname="api.test.CreativeTest" name="updateCreativeGroup" time="0.485"/>
  <testcase classname="api.test.CreativeTest" name="deleteCreativeGroup" time="0.458"/>
  <testcase classname="api.test.CreativeTest" name="getlistCreatives" time="0.503"/>
  <testcase classname="api.test.CreativeTest" name="getSingleCreative" time="0.453"/>
</testsuite> <!-- api.test.CreativeTest -->
