<?xml version="1.0" encoding="UTF-8"?>
<!-- Generated by org.testng.reporters.JUnitReportReporter -->
<testsuite hostname="Active30" failures="0" tests="1" name="api.test.Publisher2" time="8.510" errors="0" timestamp="2023-11-18T13:40:10 IST" skipped="0">
  <testcase classname="api.test.Publisher2" name="insertPublisher" time="8.510"/>
</testsuite> <!-- api.test.Publisher2 -->
